time="2021-05-20T10:42:56+07:00" level=info msg=Starting... func=main.main file="/home/renkha/code/go/go-restapi-gin/main.go:25"
time="2021-05-20T10:55:59+07:00" level=info msg=Starting... func=main.main file="/home/renkha/code/go/go-restapi-gin/main.go:25"
time="2021-05-20T13:07:06+07:00" level=info msg="Startting Database Connection" func=github.com/renkha/go-restapi-gin/config/database.DbInit file="/home/renkha/code/go/go-restapi-gin/config/database/postgres.go:10"
time="2021-05-20T13:07:06+07:00" level=panic msg="Failed to connect database with errorpq: database \"todo\" does not exist" func=github.com/renkha/go-restapi-gin/config/database.DbInit file="/home/renkha/code/go/go-restapi-gin/config/database/postgres.go:16"
time="2021-05-20T13:08:30+07:00" level=info msg="Startting Database Connection" func=github.com/renkha/go-restapi-gin/config/database.DbInit file="/home/renkha/code/go/go-restapi-gin/config/database/postgres.go:12"
time="2021-05-20T13:08:30+07:00" level=panic msg="Failed to connect database with errorpq: database \"todo\" does not exist" func=github.com/renkha/go-restapi-gin/config/database.DbInit file="/home/renkha/code/go/go-restapi-gin/config/database/postgres.go:19"
time="2021-05-20T13:09:23+07:00" level=info msg="Startting Database Connection" func=github.com/renkha/go-restapi-gin/config/database.DbInit file="/home/renkha/code/go/go-restapi-gin/config/database/postgres.go:12"
time="2021-05-20T13:09:49+07:00" level=info msg="Startting Database Connection" func=github.com/renkha/go-restapi-gin/config/database.DbInit file="/home/renkha/code/go/go-restapi-gin/config/database/postgres.go:10"
time="2021-05-20T13:11:38+07:00" level=info msg="Startting Database Connection" func=github.com/renkha/go-restapi-gin/config/database.DbInit file="/home/renkha/code/go/go-restapi-gin/config/database/postgres.go:10"
time="2021-05-20T13:14:13+07:00" level=info msg="Startting Database Connection" func=github.com/renkha/go-restapi-gin/config/database.DbInit file="/home/renkha/code/go/go-restapi-gin/config/database/postgres.go:10"
time="2021-05-20T13:55:16+07:00" level=info msg="Startting Database Connection" func=github.com/renkha/go-restapi-gin/config/database.DbInit file="/home/renkha/code/go/go-restapi-gin/config/database/postgres.go:10"
time="2021-05-22T23:36:48+07:00" level=info msg="Startting Database Connection" func=github.com/renkha/go-restapi-gin/config/database.DbInit file="/home/renkha/code/go/go-restapi-gin/config/database/postgres.go:10"
time="2021-05-22T23:53:53+07:00" level=info msg="Startting Database Connection" func=github.com/renkha/go-restapi-gin/config/database.DbInit file="/home/renkha/code/go/go-restapi-gin/config/database/postgres.go:10"
time="2021-05-23T11:54:45+07:00" level=info msg="Startting Database Connection" func=github.com/renkha/go-restapi-gin/config/database.DbInit file="/home/renkha/code/go/go-restapi-gin/config/database/postgres.go:10"
time="2021-05-23T11:58:43+07:00" level=info msg="Startting Database Connection" func=github.com/renkha/go-restapi-gin/config/database.DbInit file="/home/renkha/code/go/go-restapi-gin/config/database/postgres.go:10"
time="2021-05-23T12:10:48+07:00" level=info msg="Startting Database Connection" func=github.com/renkha/go-restapi-gin/config/database.DbInit file="/home/renkha/code/go/go-restapi-gin/config/database/postgres.go:10"
time="2021-05-23T12:12:22+07:00" level=info msg="Startting Database Connection" func=github.com/renkha/go-restapi-gin/config/database.DbInit file="/home/renkha/code/go/go-restapi-gin/config/database/postgres.go:10"
time="2021-05-23T12:15:46+07:00" level=info msg="Startting Database Connection" func=github.com/renkha/go-restapi-gin/config/database.DbInit file="/home/renkha/code/go/go-restapi-gin/config/database/postgres.go:10"
time="2021-05-23T12:55:39+07:00" level=info msg="Startting Database Connection" func=github.com/renkha/go-restapi-gin/config/database.DbInit file="/home/renkha/code/go/go-restapi-gin/config/database/postgres.go:10"
time="2021-05-23T13:07:22+07:00" level=info msg="Startting Database Connection" func=github.com/renkha/go-restapi-gin/config/database.DbInit file="/home/renkha/code/go/go-restapi-gin/config/database/postgres.go:10"
time="2021-05-23T13:08:06+07:00" level=info msg="Startting Database Connection" func=github.com/renkha/go-restapi-gin/config/database.DbInit file="/home/renkha/code/go/go-restapi-gin/config/database/postgres.go:10"
time="2021-05-23T13:08:42+07:00" level=info msg="Startting Database Connection" func=github.com/renkha/go-restapi-gin/config/database.DbInit file="/home/renkha/code/go/go-restapi-gin/config/database/postgres.go:10"
time="2021-05-23T13:44:10+07:00" level=info msg="Startting Database Connection" func=github.com/renkha/go-restapi-gin/config/database.DbInit file="/home/renkha/code/go/go-restapi-gin/config/database/postgres.go:10"
time="2021-05-23T13:46:12+07:00" level=info msg="Startting Database Connection" func=github.com/renkha/go-restapi-gin/config/database.DbInit file="/home/renkha/code/go/go-restapi-gin/config/database/postgres.go:10"
time="2021-05-23T13:48:10+07:00" level=info msg="Startting Database Connection" func=github.com/renkha/go-restapi-gin/config/database.DbInit file="/home/renkha/code/go/go-restapi-gin/config/database/postgres.go:10"
time="2021-05-23T13:52:26+07:00" level=info msg="Succes updating todo item" func=github.com/renkha/go-restapi-gin/src/handler.UpdateToDoHandler.func1 file="/home/renkha/code/go/go-restapi-gin/src/handler/todo.go:79" Description=aaaaaaaa ID=1 IsCompleted=true
time="2021-05-23T13:52:28+07:00" level=info msg="Succes updating todo item" func=github.com/renkha/go-restapi-gin/src/handler.UpdateToDoHandler.func1 file="/home/renkha/code/go/go-restapi-gin/src/handler/todo.go:79" Description=aaaaaaaa ID=1 IsCompleted=true
time="2021-05-23T13:56:59+07:00" level=info msg="Startting Database Connection" func=github.com/renkha/go-restapi-gin/config/database.DbInit file="/home/renkha/code/go/go-restapi-gin/config/database/postgres.go:10"
time="2021-05-23T13:58:32+07:00" level=info msg="Startting Database Connection" func=github.com/renkha/go-restapi-gin/config/database.DbInit file="/home/renkha/code/go/go-restapi-gin/config/database/postgres.go:10"
time="2021-05-23T13:58:49+07:00" level=info msg="Succes updating todo item" func=github.com/renkha/go-restapi-gin/src/handler.UpdateToDoHandler.func1 file="/home/renkha/code/go/go-restapi-gin/src/handler/todo.go:80" Description=aaaaaaaa ID=1 IsCompleted=true
time="2021-05-23T13:59:29+07:00" level=info msg="Success delete todo item" func=github.com/renkha/go-restapi-gin/src/handler.DeleteToDoHandler.func1 file="/home/renkha/code/go/go-restapi-gin/src/handler/todo.go:99" ID=1
time="2021-05-23T14:00:04+07:00" level=info msg="Success delete todo item" func=github.com/renkha/go-restapi-gin/src/handler.DeleteToDoHandler.func1 file="/home/renkha/code/go/go-restapi-gin/src/handler/todo.go:99" ID=1
time="2021-05-23T14:45:09+07:00" level=info msg="Startting Database Connection" func=github.com/renkha/go-restapi-gin/config/database.DbInit file="/home/renkha/code/go/go-restapi-gin/config/database/postgres.go:10"
time="2021-05-23T14:45:20+07:00" level=info msg="Access from /api/v1/register" func=github.com/renkha/go-restapi-gin/middleware.Auth.func1 file="/home/renkha/code/go/go-restapi-gin/middleware/middleware.go:11"
time="2021-05-23T23:21:57+07:00" level=info msg="Startting Database Connection" func=github.com/renkha/go-restapi-gin/config/database.DbInit file="/home/renkha/code/go/go-restapi-gin/config/database/postgres.go:10"
time="2021-05-23T23:22:04+07:00" level=info msg="Access from /api/v1/register" func=github.com/renkha/go-restapi-gin/middleware.Auth.func1.1 file="/home/renkha/code/go/go-restapi-gin/middleware/middleware.go:15"
time="2021-05-23T23:23:42+07:00" level=info msg="Startting Database Connection" func=github.com/renkha/go-restapi-gin/config/database.DbInit file="/home/renkha/code/go/go-restapi-gin/config/database/postgres.go:10"
time="2021-05-23T23:24:05+07:00" level=info msg="Startting Database Connection" func=github.com/renkha/go-restapi-gin/config/database.DbInit file="/home/renkha/code/go/go-restapi-gin/config/database/postgres.go:10"
time="2021-05-23T23:33:03+07:00" level=info msg="Startting Database Connection" func=github.com/renkha/go-restapi-gin/config/database.DbInit file="/home/renkha/code/go/go-restapi-gin/config/database/postgres.go:10"
time="2021-05-23T23:33:21+07:00" level=info msg="Access from /api/v1/register" func=github.com/renkha/go-restapi-gin/middleware.Auth.func1.1 file="/home/renkha/code/go/go-restapi-gin/middleware/middleware.go:16"
time="2021-05-23T23:33:23+07:00" level=info msg="Access from /api/v1/register" func=github.com/renkha/go-restapi-gin/middleware.Auth.func1.1 file="/home/renkha/code/go/go-restapi-gin/middleware/middleware.go:16"
time="2021-05-23T23:33:23+07:00" level=info msg="Access from /api/v1/register" func=github.com/renkha/go-restapi-gin/middleware.Auth.func1.1 file="/home/renkha/code/go/go-restapi-gin/middleware/middleware.go:16"
time="2021-05-23T23:33:23+07:00" level=info msg="Access from /api/v1/register" func=github.com/renkha/go-restapi-gin/middleware.Auth.func1.1 file="/home/renkha/code/go/go-restapi-gin/middleware/middleware.go:16"
time="2021-05-23T23:33:23+07:00" level=info msg="Access from /api/v1/register" func=github.com/renkha/go-restapi-gin/middleware.Auth.func1.1 file="/home/renkha/code/go/go-restapi-gin/middleware/middleware.go:16"
time="2021-05-23T23:33:23+07:00" level=info msg="Access from /api/v1/register" func=github.com/renkha/go-restapi-gin/middleware.Auth.func1.1 file="/home/renkha/code/go/go-restapi-gin/middleware/middleware.go:16"
time="2021-05-23T23:35:02+07:00" level=info msg="Access from /api/v1/register" func=github.com/renkha/go-restapi-gin/middleware.Auth.func1.1 file="/home/renkha/code/go/go-restapi-gin/middleware/middleware.go:16"
time="2021-05-23T23:35:19+07:00" level=info msg="Startting Database Connection" func=github.com/renkha/go-restapi-gin/config/database.DbInit file="/home/renkha/code/go/go-restapi-gin/config/database/postgres.go:10"
time="2021-05-23T23:35:22+07:00" level=info msg="Access from /api/v1/register" func=github.com/renkha/go-restapi-gin/middleware.Auth.func1.1 file="/home/renkha/code/go/go-restapi-gin/middleware/middleware.go:16"
time="2021-05-23T23:36:06+07:00" level=info msg="Startting Database Connection" func=github.com/renkha/go-restapi-gin/config/database.DbInit file="/home/renkha/code/go/go-restapi-gin/config/database/postgres.go:10"
time="2021-05-23T23:36:11+07:00" level=info msg="Access from /api/v1/register" func=github.com/renkha/go-restapi-gin/middleware.Auth.func1.1 file="/home/renkha/code/go/go-restapi-gin/middleware/middleware.go:16"
time="2021-05-23T23:37:46+07:00" level=info msg="Access from /api/v1/register" func=github.com/renkha/go-restapi-gin/middleware.Auth.func1.1 file="/home/renkha/code/go/go-restapi-gin/middleware/middleware.go:16"
time="2021-05-23T23:37:54+07:00" level=info msg="Access from /api/v1/todo" func=github.com/renkha/go-restapi-gin/middleware.Auth.func1.1 file="/home/renkha/code/go/go-restapi-gin/middleware/middleware.go:16"
time="2021-05-24T00:32:15+07:00" level=info msg="Startting Database Connection" func=github.com/renkha/go-restapi-gin/config/database.DbInit file="/home/renkha/code/go/go-restapi-gin/config/database/postgres.go:10"
time="2021-05-24T00:32:39+07:00" level=info msg="Access from /api/v1/register" func=github.com/renkha/go-restapi-gin/middleware.Auth.func1.1 file="/home/renkha/code/go/go-restapi-gin/middleware/middleware.go:16"
time="2021-05-24T00:34:25+07:00" level=info msg="Access from /api/v1/todo" func=github.com/renkha/go-restapi-gin/middleware.Auth.func1.1 file="/home/renkha/code/go/go-restapi-gin/middleware/middleware.go:16"
time="2021-05-24T00:34:25+07:00" level=info msg="Succes to add image" func=github.com/renkha/go-restapi-gin/src/handler.CreateToDoHandler.func1 file="/home/renkha/code/go/go-restapi-gin/src/handler/todo.go:75" Description=asdwasdwaqqqq ImageURL="localhost:8080/image/image20210524003425.jpg"
time="2021-05-24T00:35:54+07:00" level=info msg="Access from /api/v1/todo" func=github.com/renkha/go-restapi-gin/middleware.Auth.func1.1 file="/home/renkha/code/go/go-restapi-gin/middleware/middleware.go:16"
time="2021-05-24T00:35:54+07:00" level=info msg="Succes to add image" func=github.com/renkha/go-restapi-gin/src/handler.CreateToDoHandler.func1 file="/home/renkha/code/go/go-restapi-gin/src/handler/todo.go:75" Description=asdwasdwaqqqq ImageURL="localhost:8080/image/image20210524003554.jpg"
time="2021-05-24T00:35:55+07:00" level=info msg="Access from /api/v1/todo" func=github.com/renkha/go-restapi-gin/middleware.Auth.func1.1 file="/home/renkha/code/go/go-restapi-gin/middleware/middleware.go:16"
time="2021-05-24T00:35:55+07:00" level=info msg="Succes to add image" func=github.com/renkha/go-restapi-gin/src/handler.CreateToDoHandler.func1 file="/home/renkha/code/go/go-restapi-gin/src/handler/todo.go:75" Description=asdwasdwaqqqq ImageURL="localhost:8080/image/image20210524003555.jpg"
time="2021-05-24T00:59:53+07:00" level=info msg="Startting Database Connection" func=github.com/renkha/go-restapi-gin/config/database.DbInit file="/home/renkha/code/go/go-restapi-gin/config/database/postgres.go:10"
time="2021-05-24T01:00:19+07:00" level=info msg="Access from /api/v1/todo" func=github.com/renkha/go-restapi-gin/middleware.Auth.func1.1 file="/home/renkha/code/go/go-restapi-gin/middleware/middleware.go:16"
time="2021-05-24T01:00:19+07:00" level=info msg="Succes to add image" func=github.com/renkha/go-restapi-gin/src/handler.CreateToDoHandler.func1 file="/home/renkha/code/go/go-restapi-gin/src/handler/todo.go:75" Description=asdwasdwaqqqq ImageURL="localhost:8080/image/image20210524010019.jpg"
time="2021-05-24T01:02:26+07:00" level=info msg="Startting Database Connection" func=github.com/renkha/go-restapi-gin/config/database.DbInit file="/home/renkha/code/go/go-restapi-gin/config/database/postgres.go:10"
time="2021-05-24T01:05:43+07:00" level=info msg="Access from /image/image20210524010019.jpg" func=github.com/renkha/go-restapi-gin/middleware.Auth.func1.1 file="/home/renkha/code/go/go-restapi-gin/middleware/middleware.go:16"
time="2021-05-24T01:06:42+07:00" level=info msg="Startting Database Connection" func=github.com/renkha/go-restapi-gin/config/database.DbInit file="/home/renkha/code/go/go-restapi-gin/config/database/postgres.go:10"
time="2021-05-24T01:06:46+07:00" level=info msg="Access from /image/image20210524010019.jpg" func=github.com/renkha/go-restapi-gin/middleware.Auth.func1.1 file="/home/renkha/code/go/go-restapi-gin/middleware/middleware.go:16"
time="2021-05-24T01:07:41+07:00" level=info msg="Startting Database Connection" func=github.com/renkha/go-restapi-gin/config/database.DbInit file="/home/renkha/code/go/go-restapi-gin/config/database/postgres.go:10"
time="2021-05-24T01:07:53+07:00" level=info msg="Access from /image/image20210524010019.jpg" func=github.com/renkha/go-restapi-gin/middleware.Auth.func1.1 file="/home/renkha/code/go/go-restapi-gin/middleware/middleware.go:16"
time="2021-05-24T01:08:10+07:00" level=info msg="Startting Database Connection" func=github.com/renkha/go-restapi-gin/config/database.DbInit file="/home/renkha/code/go/go-restapi-gin/config/database/postgres.go:10"
time="2021-05-24T01:08:14+07:00" level=info msg="Access from /image/image20210524010019.jpg" func=github.com/renkha/go-restapi-gin/middleware.Auth.func1.1 file="/home/renkha/code/go/go-restapi-gin/middleware/middleware.go:16"
time="2021-05-24T01:11:54+07:00" level=info msg="Startting Database Connection" func=github.com/renkha/go-restapi-gin/config/database.DbInit file="/home/renkha/code/go/go-restapi-gin/config/database/postgres.go:10"
time="2021-05-24T01:11:58+07:00" level=info msg="Access from /image/image20210524010019.jpg" func=github.com/renkha/go-restapi-gin/middleware.Auth.func1.1 file="/home/renkha/code/go/go-restapi-gin/middleware/middleware.go:16"
time="2021-05-24T01:12:57+07:00" level=info msg="Access from /api/v1/todo" func=github.com/renkha/go-restapi-gin/middleware.Auth.func1.1 file="/home/renkha/code/go/go-restapi-gin/middleware/middleware.go:16"
time="2021-05-24T01:12:57+07:00" level=info msg="Succes to add image" func=github.com/renkha/go-restapi-gin/src/handler.CreateToDoHandler.func1 file="/home/renkha/code/go/go-restapi-gin/src/handler/todo.go:75" Description=asdwasdwaqqqq ImageURL="localhost:8080/image/image20210524011257.jpg"
time="2021-05-24T01:13:39+07:00" level=info msg="Access from /image/image20210524011257.jpg" func=github.com/renkha/go-restapi-gin/middleware.Auth.func1.1 file="/home/renkha/code/go/go-restapi-gin/middleware/middleware.go:16"
